2018-03-21 17:21:11 INFO: nxt.enableStackTraces = "true"
2018-03-21 17:21:11 INFO: nxt.enableLogTraceback = "false"
2018-03-21 17:21:11 INFO: logging enabled
2018-03-21 17:21:11 INFO: socksProxyHost not defined
2018-03-21 17:21:11 INFO: socksProxyPort not defined
2018-03-21 17:21:11 FINE: java.version = 1.8.0_161
2018-03-21 17:21:11 FINE: java.vm.version = 25.161-b12
2018-03-21 17:21:11 FINE: java.vm.name = Java HotSpot(TM) 64-Bit Server VM
2018-03-21 17:21:11 FINE: java.vendor = Oracle Corporation
2018-03-21 17:21:11 FINE: java.vm.vendor = Oracle Corporation
2018-03-21 17:21:11 FINE: java.home = C:\Program Files\Java\jre1.8.0_161
2018-03-21 17:21:11 FINE: java.library.path = C:\ProgramData\Oracle\Java\javapath;C:\WINDOWS\Sun\Java\bin;C:\WINDOWS\system32;C:\WINDOWS;D:\Programs\nodejs\node_modules\npm\bin\node-gyp-bin;D:\Sandoche\00 - Projects\GTD-PoS-Cryptocurrency\electron\node_modules\.bin;C:\Users\Sandoche\bin;D:\Programs\Git\mingw64\bin;D:\Programs\Git\usr\local\bin;D:\Programs\Git\usr\bin;D:\Programs\Git\usr\bin;D:\Programs\Git\mingw64\bin;D:\Programs\Git\usr\bin;C:\Users\Sandoche\bin;C:\ProgramData\Oracle\Java\javapath;C:\Program Files (x86)\Intel\iCLS Client;C:\Program Files\Intel\iCLS Client;C:\Windows\system32;C:\Windows;C:\Windows\System32\Wbem;C:\Windows\System32\WindowsPowerShell\v1.0;C:\Program Files (x86)\NVIDIA Corporation\PhysX\Common;C:\Program Files (x86)\Intel\Intel(R) Management Engine Components\DAL;C:\Program Files\Intel\Intel(R) Management Engine Components\DAL;C:\Program Files (x86)\Intel\Intel(R) Management Engine Components\IPT;C:\Program Files\Intel\Intel(R) Management Engine Components\IPT;C:\Program Files\Intel\WiFi\bin;C:\Program Files\Common Files\Intel\WirelessCommon;D:\Programs\nodejs;C:\WINDOWS\system32;C:\WINDOWS;C:\WINDOWS\System32\Wbem;C:\WINDOWS\System32\WindowsPowerShell\v1.0;D:\Programs\yarn\bin;C:\Program Files\Microsoft SQL Server\Client SDK\ODBC\110\Tools\Binn;C:\Program Files (x86)\Microsoft SQL Server\120\Tools\Binn;C:\Program Files\Microsoft SQL Server\120\Tools\Binn;C:\Program Files\Microsoft SQL Server\120\DTS\Binn;C:\Program Files (x86)\Windows Kits\8.1\Windows Performance Toolkit;C:\Program Files\Git LFS;D:\Programs\Git\cmd;D:\Programs\Putty;D:\Programs\wamp64\bin\php\php7.1.9;C:\ProgramData\ComposerSetup\bin;D:\Programs\GnuPG\bin;D:\Programs\Python\Scripts;D:\Programs\Python;D:\Programs\Ruby23-x64\bin;C:\Users\Sandoche\AppData\Roaming\npm;C:\Users\Sandoche\AppData\Local\atom\bin;C:\Users\Sandoche\AppData\Local\Microsoft\WindowsApps;C:\Users\Sandoche\AppData\Local\Yarn\bin;C:\Program Files (x86)\Minimal ADB and Fastboot;C:\Users\Sandoche\AppData\Roaming\Composer\vendor\bin;D:\Programs\Java\jdk1.8.0_161\bin;D:\Programs\Git\usr\bin\vendor_perl;D:\Programs\Git\usr\bin\core_perl;.
2018-03-21 17:21:11 FINE: java.class.path = GTD-Cryptocurrency.jar
2018-03-21 17:21:11 FINE: os.arch = amd64
2018-03-21 17:21:11 FINE: sun.arch.data.model = 64
2018-03-21 17:21:11 FINE: os.name = Windows 10
2018-03-21 17:21:11 FINE: file.encoding = Cp1252
2018-03-21 17:21:11 FINE: java.security.policy = null
2018-03-21 17:21:11 FINE: java.security.manager = null
2018-03-21 17:21:11 FINE: nxt.runtime.mode = null
2018-03-21 17:21:11 FINE: nxt.runtime.dirProvider = null
2018-03-21 17:21:11 FINE: availableProcessors = 8
2018-03-21 17:21:11 FINE: maxMemory = 1886912512
2018-03-21 17:21:11 FINE: processId = 10296
2018-03-21 17:21:11 INFO: nxt.isTestnet = "false"
2018-03-21 17:21:11 INFO: nxt.isOffline = "false"
2018-03-21 17:21:11 INFO: nxt.isLightClient = "false"
2018-03-21 17:21:11 INFO: nxt.customLoginWarning not defined
2018-03-21 17:21:11 INFO: nxt.maxNumberOfTransactions not defined or not numeric, using default value 255
2018-03-21 17:21:11 INFO: nxt.maxRollback = "800"
2018-03-21 17:21:11 INFO: nxt.forgingDelay = "20"
2018-03-21 17:21:11 INFO: nxt.forgingSpeedup = "3"
2018-03-21 17:21:11 INFO: nxt.batchCommitSize = "100"
2018-03-21 17:21:11 INFO: nxt.maxPrunableLifetime = "7776000"
2018-03-21 17:21:11 INFO: nxt.includeExpiredPrunable = "true"
2018-03-21 17:21:11 INFO: nxt.correctInvalidFees = "false"
2018-03-21 17:21:11 INFO: nxt.statementLogThreshold = "10000"
2018-03-21 17:21:11 INFO: nxt.transactionLogThreshold = "15000"
2018-03-21 17:21:11 INFO: nxt.transactionLogInterval = "15"
2018-03-21 17:21:11 INFO: nxt.dbCacheKB = "0"
2018-03-21 17:21:11 INFO: nxt.dbUrl not defined
2018-03-21 17:21:11 INFO: nxt.dbType = "h2"
2018-03-21 17:21:11 INFO: nxt.dbDir = "./nxt_db/nxt"
2018-03-21 17:21:11 INFO: nxt.dbParams = "DB_CLOSE_ON_EXIT=FALSE;MVCC=TRUE;MV_STORE=FALSE"
2018-03-21 17:21:11 INFO: nxt.dbUsername = "sa"
2018-03-21 17:21:11 INFO: nxt.dbPassword = "{not logged}"
2018-03-21 17:21:11 INFO: nxt.maxDbConnections = "30"
2018-03-21 17:21:11 INFO: nxt.dbLoginTimeout = "70"
2018-03-21 17:21:11 INFO: nxt.dbDefaultLockTimeout = "60"
2018-03-21 17:21:11 INFO: nxt.dbMaxMemoryRows = "1000000"
2018-03-21 17:21:11 FINE: Database jdbc url set to jdbc:h2:./nxt_db/nxt;DB_CLOSE_ON_EXIT=FALSE;MVCC=TRUE;MV_STORE=FALSE;CACHE_SIZE=262144 username sa
2018-03-21 17:21:12 INFO: nxt.useStrongSecureRandom = "false"
2018-03-21 17:21:15 FINE: Database connection pool current size: 1
2018-03-21 17:21:15 INFO: Database update may take a while if needed, current db version 237...
2018-03-21 17:21:15 INFO: nxt.enableTransactionRebroadcasting = "true"
2018-03-21 17:21:15 INFO: nxt.testUnconfirmedTransactions not defined, using default false
2018-03-21 17:21:15 INFO: nxt.maxUnconfirmedTransactions = "2000"
2018-03-21 17:21:15 INFO: nxt.trimDerivedTables = "true"
2018-03-21 17:21:15 INFO: nxt.numberOfForkConfirmations = "0"
2018-03-21 17:21:15 INFO: nxt.simulateEndlessDownload not defined, using default false
2018-03-21 17:21:15 INFO: nxt.trimFrequency = "1000"
2018-03-21 17:21:15 INFO: nxt.disableGetMoreBlocksThread not defined, using default false
2018-03-21 17:21:15 INFO: nxt.disableProcessTransactionsThread not defined, using default false
2018-03-21 17:21:15 INFO: nxt.disableRebroadcastTransactionsThread not defined, using default false
2018-03-21 17:21:15 INFO: nxt.disableRemoveUnconfirmedTransactionsThread not defined, using default false
2018-03-21 17:21:15 INFO: nxt.disableProcessWaitingTransactionsThread not defined, using default false
2018-03-21 17:21:15 INFO: nxt.enablePublicKeyCache = "true"
2018-03-21 17:21:15 INFO: nxt.ledgerTrimKeep = "30000"
2018-03-21 17:21:15 INFO: nxt.ledgerAccounts = "*"
2018-03-21 17:21:15 INFO: Account ledger is tracking all accounts
2018-03-21 17:21:15 INFO: nxt.ledgerLogUnconfirmed = "2"
2018-03-21 17:21:15 INFO: nxt.processPolls = "true"
2018-03-21 17:21:15 INFO: nxt.deleteFinishedShufflings = "false"
2018-03-21 17:21:15 INFO: nxt.maxPeerRequestSize not defined or not numeric, using default value 1048576
2018-03-21 17:21:15 INFO: nxt.maxPeerResponseSize not defined or not numeric, using default value 1048576
2018-03-21 17:21:15 INFO: nxt.maxPeerMessageSize not defined or not numeric, using default value 10485760
2018-03-21 17:21:15 INFO: nxt.hideErrorDetails = "false"
2018-03-21 17:21:15 INFO: nxt.myPlatform not defined
2018-03-21 17:21:15 INFO: nxt.myAddress not defined
2018-03-21 17:21:15 INFO: nxt.peerServerPort = "37874"
2018-03-21 17:21:15 INFO: nxt.shareMyAddress = "true"
2018-03-21 17:21:15 INFO: nxt.enablePeerUPnP = "true"
2018-03-21 17:21:15 INFO: nxt.myHallmark not defined
2018-03-21 17:21:15 INFO: nxt.adminPassword not defined
2018-03-21 17:21:15 INFO: nxt.maxAPIRecords = "100"
2018-03-21 17:21:15 INFO: nxt.enableAPIUPnP = "false"
2018-03-21 17:21:15 INFO: nxt.apiServerIdleTimeout = "30000"
2018-03-21 17:21:15 INFO: nxt.apiServerCORS = "true"
2018-03-21 17:21:15 INFO: nxt.forwardedForHeader not defined
2018-03-21 17:21:15 INFO: nxt.disabledAPIs not defined
2018-03-21 17:21:15 INFO: nxt.disabledAPITags not defined
2018-03-21 17:21:15 INFO: nxt.allowedBotHosts = "127.0.0.1; localhost; [0:0:0:0:0:0:0:1];"
2018-03-21 17:21:15 INFO: nxt.enableAPIServer = "true"
2018-03-21 17:21:15 INFO: nxt.apiServerPort = "37876"
2018-03-21 17:21:15 INFO: nxt.apiServerSSLPort = "37876"
2018-03-21 17:21:15 INFO: nxt.apiServerHost = "127.0.0.1"
2018-03-21 17:21:15 INFO: nxt.disableAdminPassword = "false"
2018-03-21 17:21:15 INFO: nxt.apiSSL = "false"
2018-03-21 17:21:15 INFO: API server using HTTP port 37876
2018-03-21 17:21:15 INFO: nxt.apiResourceBase = "./html/www"
2018-03-21 17:21:15 INFO: nxt.apiWelcomeFile = "index.html"
2018-03-21 17:21:15 INFO: nxt.javadocResourceBase = "./html/doc"
2018-03-21 17:21:15 INFO: nxt.maxUploadFileSize not defined or not numeric, using default value 0
2018-03-21 17:21:15 INFO: nxt.maxUploadFileSize not defined or not numeric, using default value 0
2018-03-21 17:21:15 INFO: nxt.enableAPIServerGZIPFilter not defined, using default false
2018-03-21 17:21:15 INFO: nxt.apiFrameOptionsSameOrigin = "true"
2018-03-21 17:21:15 FINE: My peer info:
{"application":"GTD Cryptocurrency","services":"0","version":"1.11.13","platform":"Windows 10 amd64","shareAddress":true}
2018-03-21 17:21:15 INFO: nxt.defaultPeers = "178.33.108.232;"
2018-03-21 17:21:15 INFO: nxt.wellKnownPeers not defined
2018-03-21 17:21:15 INFO: nxt.knownBlacklistedPeers not defined
2018-03-21 17:21:15 INFO: nxt.maxNumberOfInboundConnections = "2000"
2018-03-21 17:21:15 INFO: nxt.maxNumberOfOutboundConnections = "50"
2018-03-21 17:21:15 INFO: nxt.maxNumberOfConnectedPublicPeers = "20"
2018-03-21 17:21:15 INFO: nxt.maxNumberOfKnownPeers = "2000"
2018-03-21 17:21:15 INFO: nxt.minNumberOfKnownPeers = "1000"
2018-03-21 17:21:15 INFO: nxt.connectTimeout = "10000"
2018-03-21 17:21:15 INFO: nxt.readTimeout = "20000"
2018-03-21 17:21:15 INFO: nxt.enableHallmarkProtection = "true"
2018-03-21 17:21:15 INFO: nxt.pushThreshold = "0"
2018-03-21 17:21:15 INFO: nxt.pullThreshold = "0"
2018-03-21 17:21:15 INFO: nxt.useWebSockets = "true"
2018-03-21 17:21:15 INFO: nxt.webSocketIdleTimeout = "900000"
2018-03-21 17:21:15 INFO: nxt.enablePeerServerGZIPFilter = "true"
2018-03-21 17:21:15 INFO: nxt.blacklistingPeriod = "600000"
2018-03-21 17:21:15 INFO: nxt.communicationLoggingMask = "0"
2018-03-21 17:21:15 INFO: nxt.sendToPeersLimit = "10"
2018-03-21 17:21:15 INFO: nxt.usePeersDb = "true"
2018-03-21 17:21:15 INFO: nxt.savePeers = "true"
2018-03-21 17:21:15 INFO: nxt.getMorePeers = "true"
2018-03-21 17:21:15 INFO: nxt.cjdnsOnly = "false"
2018-03-21 17:21:15 INFO: nxt.ignorePeerAnnouncedAddress = "false"
2018-03-21 17:21:15 INFO: nxt.disablePeerConnectingThread not defined, using default false
2018-03-21 17:21:15 INFO: nxt.disablePeerUnBlacklistingThread not defined, using default false
2018-03-21 17:21:15 INFO: nxt.disableGetMorePeersThread not defined, using default false
2018-03-21 17:21:15 INFO: nxt.peerServerHost = "0.0.0.0"
2018-03-21 17:21:15 INFO: nxt.peerServerIdleTimeout = "30000"
2018-03-21 17:21:15 INFO: nxt.enablePeerServerDoSFilter = "true"
2018-03-21 17:21:15 INFO: nxt.peerServerDoSFilter.maxRequestsPerSec = "30"
2018-03-21 17:21:15 INFO: nxt.peerServerDoSFilter.delayMs = "1000"
2018-03-21 17:21:15 INFO: nxt.peerServerDoSFilter.maxRequestMs = "300000"
2018-03-21 17:21:15 INFO: nxt.enableAPIProxy = "true"
2018-03-21 17:21:15 INFO: nxt.apiProxyBlacklistingPeriod = "1800000"
2018-03-21 17:21:15 INFO: nxt.forceAPIProxyServerURL not defined
2018-03-21 17:21:15 INFO: nxt.disableAPIProxyPeersUpdateThread not defined, using default false
2018-03-21 17:21:15 INFO: nxt.maxNumberOfForgers = "100"
2018-03-21 17:21:15 INFO: nxt.enableFakeForging not defined, using default false
2018-03-21 17:21:15 INFO: nxt.disableGenerateBlocksThread not defined, using default false
2018-03-21 17:21:15 INFO: nxt.addOns not defined
2018-03-21 17:21:15 INFO: nxt.debugTraceQuote = """
2018-03-21 17:21:15 INFO: nxt.debugTraceSeparator = "	"
2018-03-21 17:21:15 INFO: nxt.debugLogUnconfirmed = "false"
2018-03-21 17:21:15 INFO: nxt.debugTraceAccounts not defined
2018-03-21 17:21:15 INFO: nxt.debugTraceLog = "nxt-trace.csv"
2018-03-21 17:21:15 FINE: Running 2 tasks...
2018-03-21 17:21:15 INFO: Genesis block already in database
2018-03-21 17:21:15 FINE: Loading known peers from the database...
2018-03-21 17:21:15 FINE: Database connection pool current size: 2
2018-03-21 17:21:15 FINE: Rollback from block 16632500833845476167 at height 211 to 16632500833845476167 at 211
2018-03-21 17:21:16 FINE: Average database transaction time is 0,410 seconds
2018-03-21 17:21:16 INFO: Last block height: 211
2018-03-21 17:21:16 INFO: nxt.forceScan = "false"
2018-03-21 17:21:16 FINE: Running 2 final tasks...
2018-03-21 17:21:16 INFO: Looking for UPnP gateway device...
2018-03-21 17:21:16 INFO: nxt.upnpGatewayTimeout not defined or not numeric, using default value 7000
2018-03-21 17:21:16 INFO: nxt.apiServerEnforcePOST = "true"
2018-03-21 17:21:16 INFO: nxt.upnpDiscoverTimeout not defined or not numeric, using default value 3000
2018-03-21 17:21:16 INFO: Started API server at 127.0.0.1:37876
2018-03-21 17:21:30 FINE: There are no UPnP gateway devices
2018-03-21 17:21:30 INFO: Started peer networking server at 0.0.0.0:37874
2018-03-21 17:21:30 FINE: Starting 10 background jobs
2018-03-21 17:21:30 FINE: Starting 2 delayed tasks
2018-03-21 17:21:30 FINE: Known peers: 1
2018-03-21 17:21:30 INFO: Initialization took 18 seconds
2018-03-21 17:21:30 INFO: GTD Cryptocurrency server 1.11.13 started successfully.
2018-03-21 17:21:30 INFO: Copyright © 2013-2016 The Nxt Core Developers.
2018-03-21 17:21:30 INFO: Copyright © 2016-2018 Jelurida IP B.V.
2018-03-21 17:21:30 INFO: Distributed under the Jelurida Public License version 1.1 for the Nxt Public Blockchain Platform, with ABSOLUTELY NO WARRANTY.
2018-03-21 17:21:30 INFO: Client UI is at http://localhost:37876/index.html
2018-03-21 17:22:02 FINE: Reed-Solomon decoding failed for GTDB-8MFA-U9EJ-G8VAQ: nxt.crypto.ReedSolomon$CodewordInvalidException
2018-03-21 17:22:04 FINE: Reed-Solomon decoding failed for GTDB-8MFA-U9EJ-G8VAQ: nxt.crypto.ReedSolomon$CodewordInvalidException
2018-03-21 17:22:10 FINE: Database connection pool current size: 3
